[   22420ms] [WARNING] [Vue warn]: Missing required prop: "job" 
  at <TrainControls> 
  at <App> @ http://localhost:5174/node_modules/.vite/deps/chunk-S5ZFOAR2.js?v=491f7547:2214
[   22420ms] [WARNING] [Vue warn]: Missing required prop: "evalJob" 
  at <TrainControls> 
  at <App> @ http://localhost:5174/node_modules/.vite/deps/chunk-S5ZFOAR2.js?v=491f7547:2214
[   22420ms] [WARNING] [Vue warn]: Missing required prop: "summary" 
  at <TrainControls> 
  at <App> @ http://localhost:5174/node_modules/.vite/deps/chunk-S5ZFOAR2.js?v=491f7547:2214
[   22420ms] [WARNING] [Vue warn]: Missing required prop: "latestStep" 
  at <TrainControls> 
  at <App> @ http://localhost:5174/node_modules/.vite/deps/chunk-S5ZFOAR2.js?v=491f7547:2214
[   65095ms] [WARNING] [Vue warn]: Failed to resolve component: RunInfoBar
If this is a native custom element, make sure to exclude it from component resolution via compilerOptions.isCustomElement. 
  at <App> @ http://localhost:5174/node_modules/.vite/deps/chunk-S5ZFOAR2.js?v=491f7547:2214
[   65102ms] [WARNING] [Vue warn]: Missing required prop: "job" 
  at <TrainControls> 
  at <App> @ http://localhost:5174/node_modules/.vite/deps/chunk-S5ZFOAR2.js?v=491f7547:2214
[   65102ms] [WARNING] [Vue warn]: Missing required prop: "evalJob" 
  at <TrainControls> 
  at <App> @ http://localhost:5174/node_modules/.vite/deps/chunk-S5ZFOAR2.js?v=491f7547:2214
[   65102ms] [WARNING] [Vue warn]: Missing required prop: "summary" 
  at <TrainControls> 
  at <App> @ http://localhost:5174/node_modules/.vite/deps/chunk-S5ZFOAR2.js?v=491f7547:2214
[   65102ms] [WARNING] [Vue warn]: Missing required prop: "latestStep" 
  at <TrainControls> 
  at <App> @ http://localhost:5174/node_modules/.vite/deps/chunk-S5ZFOAR2.js?v=491f7547:2214
[   65131ms] [WARNING] [Vue warn]: Failed to resolve component: RunInfoBar
If this is a native custom element, make sure to exclude it from component resolution via compilerOptions.isCustomElement. 
  at <App> @ http://localhost:5174/node_modules/.vite/deps/chunk-S5ZFOAR2.js?v=491f7547:2214
[   65562ms] [WARNING] [Vue warn]: Failed to resolve component: RunInfoBar
If this is a native custom element, make sure to exclude it from component resolution via compilerOptions.isCustomElement. 
  at <App> @ http://localhost:5174/node_modules/.vite/deps/chunk-S5ZFOAR2.js?v=491f7547:2214
[   65884ms] [WARNING] [Vue warn]: Failed to resolve component: RunInfoBar
If this is a native custom element, make sure to exclude it from component resolution via compilerOptions.isCustomElement. 
  at <App> @ http://localhost:5174/node_modules/.vite/deps/chunk-S5ZFOAR2.js?v=491f7547:2214
[   66205ms] [WARNING] [Vue warn]: Failed to resolve component: RunInfoBar
If this is a native custom element, make sure to exclude it from component resolution via compilerOptions.isCustomElement. 
  at <App> @ http://localhost:5174/node_modules/.vite/deps/chunk-S5ZFOAR2.js?v=491f7547:2214
[   66526ms] [WARNING] [Vue warn]: Failed to resolve component: RunInfoBar
If this is a native custom element, make sure to exclude it from component resolution via compilerOptions.isCustomElement. 
  at <App> @ http://localhost:5174/node_modules/.vite/deps/chunk-S5ZFOAR2.js?v=491f7547:2214
[   66841ms] [WARNING] [Vue warn]: Failed to resolve component: RunInfoBar
If this is a native custom element, make sure to exclude it from component resolution via compilerOptions.isCustomElement. 
  at <App> @ http://localhost:5174/node_modules/.vite/deps/chunk-S5ZFOAR2.js?v=491f7547:2214
[   67157ms] [WARNING] [Vue warn]: Failed to resolve component: RunInfoBar
If this is a native custom element, make sure to exclude it from component resolution via compilerOptions.isCustomElement. 
  at <App> @ http://localhost:5174/node_modules/.vite/deps/chunk-S5ZFOAR2.js?v=491f7547:2214
[   67474ms] [WARNING] [Vue warn]: Failed to resolve component: RunInfoBar
If this is a native custom element, make sure to exclude it from component resolution via compilerOptions.isCustomElement. 
  at <App> @ http://localhost:5174/node_modules/.vite/deps/chunk-S5ZFOAR2.js?v=491f7547:2214
[   67791ms] [WARNING] [Vue warn]: Failed to resolve component: RunInfoBar
If this is a native custom element, make sure to exclude it from component resolution via compilerOptions.isCustomElement. 
  at <App> @ http://localhost:5174/node_modules/.vite/deps/chunk-S5ZFOAR2.js?v=491f7547:2214
[   68109ms] [WARNING] [Vue warn]: Failed to resolve component: RunInfoBar
If this is a native custom element, make sure to exclude it from component resolution via compilerOptions.isCustomElement. 
  at <App> @ http://localhost:5174/node_modules/.vite/deps/chunk-S5ZFOAR2.js?v=491f7547:2214
[   68431ms] [WARNING] [Vue warn]: Failed to resolve component: RunInfoBar
If this is a native custom element, make sure to exclude it from component resolution via compilerOptions.isCustomElement. 
  at <App> @ http://localhost:5174/node_modules/.vite/deps/chunk-S5ZFOAR2.js?v=491f7547:2214
[   68754ms] [WARNING] [Vue warn]: Failed to resolve component: RunInfoBar
If this is a native custom element, make sure to exclude it from component resolution via compilerOptions.isCustomElement. 
  at <App> @ http://localhost:5174/node_modules/.vite/deps/chunk-S5ZFOAR2.js?v=491f7547:2214
[   69069ms] [WARNING] [Vue warn]: Failed to resolve component: RunInfoBar
If this is a native custom element, make sure to exclude it from component resolution via compilerOptions.isCustomElement. 
  at <App> @ http://localhost:5174/node_modules/.vite/deps/chunk-S5ZFOAR2.js?v=491f7547:2214
[   69387ms] [WARNING] [Vue warn]: Failed to resolve component: RunInfoBar
If this is a native custom element, make sure to exclude it from component resolution via compilerOptions.isCustomElement. 
  at <App> @ http://localhost:5174/node_modules/.vite/deps/chunk-S5ZFOAR2.js?v=491f7547:2214
[   69788ms] [WARNING] [Vue warn]: Failed to resolve component: RunInfoBar
If this is a native custom element, make sure to exclude it from component resolution via compilerOptions.isCustomElement. 
  at <App> @ http://localhost:5174/node_modules/.vite/deps/chunk-S5ZFOAR2.js?v=491f7547:2214
[   70112ms] [WARNING] [Vue warn]: Failed to resolve component: RunInfoBar
If this is a native custom element, make sure to exclude it from component resolution via compilerOptions.isCustomElement. 
  at <App> @ http://localhost:5174/node_modules/.vite/deps/chunk-S5ZFOAR2.js?v=491f7547:2214
[   70430ms] [WARNING] [Vue warn]: Failed to resolve component: RunInfoBar
If this is a native custom element, make sure to exclude it from component resolution via compilerOptions.isCustomElement. 
  at <App> @ http://localhost:5174/node_modules/.vite/deps/chunk-S5ZFOAR2.js?v=491f7547:2214
[   70748ms] [WARNING] [Vue warn]: Failed to resolve component: RunInfoBar
If this is a native custom element, make sure to exclude it from component resolution via compilerOptions.isCustomElement. 
  at <App> @ http://localhost:5174/node_modules/.vite/deps/chunk-S5ZFOAR2.js?v=491f7547:2214
[   71069ms] [WARNING] [Vue warn]: Failed to resolve component: RunInfoBar
If this is a native custom element, make sure to exclude it from component resolution via compilerOptions.isCustomElement. 
  at <App> @ http://localhost:5174/node_modules/.vite/deps/chunk-S5ZFOAR2.js?v=491f7547:2214
[   71384ms] [WARNING] [Vue warn]: Failed to resolve component: RunInfoBar
If this is a native custom element, make sure to exclude it from component resolution via compilerOptions.isCustomElement. 
  at <App> @ http://localhost:5174/node_modules/.vite/deps/chunk-S5ZFOAR2.js?v=491f7547:2214
[   71702ms] [WARNING] [Vue warn]: Failed to resolve component: RunInfoBar
If this is a native custom element, make sure to exclude it from component resolution via compilerOptions.isCustomElement. 
  at <App> @ http://localhost:5174/node_modules/.vite/deps/chunk-S5ZFOAR2.js?v=491f7547:2214
[   72020ms] [WARNING] [Vue warn]: Failed to resolve component: RunInfoBar
If this is a native custom element, make sure to exclude it from component resolution via compilerOptions.isCustomElement. 
  at <App> @ http://localhost:5174/node_modules/.vite/deps/chunk-S5ZFOAR2.js?v=491f7547:2214
[   72337ms] [WARNING] [Vue warn]: Failed to resolve component: RunInfoBar
If this is a native custom element, make sure to exclude it from component resolution via compilerOptions.isCustomElement. 
  at <App> @ http://localhost:5174/node_modules/.vite/deps/chunk-S5ZFOAR2.js?v=491f7547:2214
[  150867ms] [ERROR] Failed to load resource: the server responded with a status of 404 (Not Found) @ http://localhost:5174/src/components/RunInfoBar.vue?t=1777416793483:0
[  150868ms] [ERROR] [vite] Failed to reload /src/components/RunInfoBar.vue. This could be due to syntax errors or importing non-existent modules. (see errors above) @ http://localhost:5174/@vite/client:881
[  255996ms] [LOG] [vite] server connection lost. Polling for restart... @ http://localhost:5174/@vite/client:963
[  256000ms] [ERROR] WebSocket connection to 'ws://localhost:5174/' failed: Error in connection establishment: net::ERR_CONNECTION_REFUSED @ http://localhost:5174/@vite/client:1034
[  256200ms] [ERROR] Failed to load resource: net::ERR_CONNECTION_REFUSED @ http://localhost:5174/api/state:0
[  256501ms] [ERROR] Failed to load resource: net::ERR_CONNECTION_REFUSED @ http://localhost:5174/api/state:0
[  256804ms] [ERROR] Failed to load resource: net::ERR_CONNECTION_REFUSED @ http://localhost:5174/api/state:0
[  257002ms] [ERROR] WebSocket connection to 'ws://localhost:5174/' failed: Error in connection establishment: net::ERR_CONNECTION_REFUSED @ http://localhost:5174/@vite/client:1034
[  257106ms] [ERROR] Failed to load resource: net::ERR_CONNECTION_REFUSED @ http://localhost:5174/api/state:0
[  257409ms] [ERROR] Failed to load resource: net::ERR_CONNECTION_REFUSED @ http://localhost:5174/api/state:0
[  257713ms] [ERROR] Failed to load resource: net::ERR_CONNECTION_REFUSED @ http://localhost:5174/api/state:0
[  258005ms] [ERROR] WebSocket connection to 'ws://localhost:5174/' failed: Error in connection establishment: net::ERR_CONNECTION_REFUSED @ http://localhost:5174/@vite/client:1034
[  258015ms] [ERROR] Failed to load resource: net::ERR_CONNECTION_REFUSED @ http://localhost:5174/api/state:0
[  258318ms] [ERROR] Failed to load resource: net::ERR_CONNECTION_REFUSED @ http://localhost:5174/api/state:0
[  258619ms] [ERROR] Failed to load resource: net::ERR_CONNECTION_REFUSED @ http://localhost:5174/api/state:0
[  258922ms] [ERROR] Failed to load resource: net::ERR_CONNECTION_REFUSED @ http://localhost:5174/api/state:0
[  259007ms] [ERROR] WebSocket connection to 'ws://localhost:5174/' failed: Error in connection establishment: net::ERR_CONNECTION_REFUSED @ http://localhost:5174/@vite/client:1034
[  259224ms] [ERROR] Failed to load resource: net::ERR_CONNECTION_REFUSED @ http://localhost:5174/api/state:0
[  259528ms] [ERROR] Failed to load resource: net::ERR_CONNECTION_REFUSED @ http://localhost:5174/api/state:0
[  259830ms] [ERROR] Failed to load resource: net::ERR_CONNECTION_REFUSED @ http://localhost:5174/api/state:0
[  260012ms] [ERROR] WebSocket connection to 'ws://localhost:5174/' failed: Error in connection establishment: net::ERR_CONNECTION_REFUSED @ http://localhost:5174/@vite/client:1034
[  260132ms] [ERROR] Failed to load resource: net::ERR_CONNECTION_REFUSED @ http://localhost:5174/api/state:0
[  260406ms] [ERROR] Failed to load resource: net::ERR_CONNECTION_REFUSED @ http://localhost:5174/api/runs:0
[  260435ms] [ERROR] Failed to load resource: net::ERR_CONNECTION_REFUSED @ http://localhost:5174/api/state:0
[  260737ms] [ERROR] Failed to load resource: net::ERR_CONNECTION_REFUSED @ http://localhost:5174/api/state:0
[  261021ms] [ERROR] WebSocket connection to 'ws://localhost:5174/' failed: Error in connection establishment: net::ERR_CONNECTION_REFUSED @ http://localhost:5174/@vite/client:1034
[  261041ms] [ERROR] Failed to load resource: net::ERR_CONNECTION_REFUSED @ http://localhost:5174/api/state:0
[  261344ms] [ERROR] Failed to load resource: net::ERR_CONNECTION_REFUSED @ http://localhost:5174/api/state:0
[  261646ms] [ERROR] Failed to load resource: net::ERR_CONNECTION_REFUSED @ http://localhost:5174/api/state:0
[  261949ms] [ERROR] Failed to load resource: net::ERR_CONNECTION_REFUSED @ http://localhost:5174/api/state:0
[  262034ms] [ERROR] WebSocket connection to 'ws://localhost:5174/' failed: Error in connection establishment: net::ERR_CONNECTION_REFUSED @ http://localhost:5174/@vite/client:1034
[  262251ms] [ERROR] Failed to load resource: net::ERR_CONNECTION_REFUSED @ http://localhost:5174/api/state:0
[  262553ms] [ERROR] Failed to load resource: net::ERR_CONNECTION_REFUSED @ http://localhost:5174/api/state:0
[  262855ms] [ERROR] Failed to load resource: net::ERR_CONNECTION_REFUSED @ http://localhost:5174/api/state:0
[  263044ms] [ERROR] WebSocket connection to 'ws://localhost:5174/' failed: Error in connection establishment: net::ERR_CONNECTION_REFUSED @ http://localhost:5174/@vite/client:1034
[  263157ms] [ERROR] Failed to load resource: net::ERR_CONNECTION_REFUSED @ http://localhost:5174/api/state:0
[  263459ms] [ERROR] Failed to load resource: net::ERR_CONNECTION_REFUSED @ http://localhost:5174/api/state:0
[  263761ms] [ERROR] Failed to load resource: net::ERR_CONNECTION_REFUSED @ http://localhost:5174/api/state:0
[  264065ms] [ERROR] Failed to load resource: net::ERR_CONNECTION_REFUSED @ http://localhost:5174/api/state:0
[  264083ms] [ERROR] WebSocket connection to 'ws://localhost:5174/' failed: Error in connection establishment: net::ERR_CONNECTION_REFUSED @ http://localhost:5174/@vite/client:1034
[  264368ms] [ERROR] Failed to load resource: net::ERR_CONNECTION_REFUSED @ http://localhost:5174/api/state:0
[  264670ms] [ERROR] Failed to load resource: net::ERR_CONNECTION_REFUSED @ http://localhost:5174/api/state:0
[  264972ms] [ERROR] Failed to load resource: net::ERR_CONNECTION_REFUSED @ http://localhost:5174/api/state:0
[  265129ms] [ERROR] WebSocket connection to 'ws://localhost:5174/' failed: Error in connection establishment: net::ERR_CONNECTION_REFUSED @ http://localhost:5174/@vite/client:1034
[  265276ms] [ERROR] Failed to load resource: net::ERR_CONNECTION_REFUSED @ http://localhost:5174/api/state:0
[  265409ms] [ERROR] Failed to load resource: net::ERR_CONNECTION_REFUSED @ http://localhost:5174/api/runs:0
[  265577ms] [ERROR] Failed to load resource: net::ERR_CONNECTION_REFUSED @ http://localhost:5174/api/state:0
[  265879ms] [ERROR] Failed to load resource: net::ERR_CONNECTION_REFUSED @ http://localhost:5174/api/state:0
[  266181ms] [ERROR] Failed to load resource: net::ERR_CONNECTION_REFUSED @ http://localhost:5174/api/state:0
[  266246ms] [ERROR] WebSocket connection to 'ws://localhost:5174/' failed: Error in connection establishment: net::ERR_CONNECTION_REFUSED @ http://localhost:5174/@vite/client:1034
[  266484ms] [ERROR] Failed to load resource: net::ERR_CONNECTION_REFUSED @ http://localhost:5174/api/state:0
